<?xml version="1.0" encoding="UTF-8"?>
<testsuite name="topic.j8lambdastream.LambdaUtilTest" tests="1" skipped="0" failures="0" errors="0" timestamp="2020-06-12T04:13:12" hostname="Envy360" time="0.021">
  <properties/>
  <testcase name="map" classname="topic.j8lambdastream.LambdaUtilTest" time="0.021"/>
  <system-out><![CDATA[]]></system-out>
  <system-err><![CDATA[]]></system-err>
</testsuite>
